# JRE version: OpenJDK Runtime Environment Temurin-17.0.7+7 (17.0.7+7) (build 17.0.7+7)
# Java VM: OpenJDK 64-Bit Server VM Temurin-17.0.7+7 (17.0.7+7, mixed mode, sharing, tiered, compressed oops, compressed class ptrs, g1 gc, windows-amd64)
GC Precious Log:
 CPUs: 16 total, 16 available
 Memory: 32697M
 Large Page Support: Disabled
 NUMA Support: Disabled
 Compressed Oops: Enabled (Zero based)
 Heap Region Size: 2M
 Heap Min Capacity: 8M
 Heap Initial Capacity: 512M
 Heap Max Capacity: 3G
 Pre-touch: Disabled
 Parallel Workers: 13
 Concurrent Workers: 3
 Concurrent Refinement Workers: 13
 Periodic GC: Disabled
Heap:
 garbage-first heap   total 86016K, used 53324K [0x0000000740000000, 0x0000000800000000)
  region size 2048K, 8 young (16384K), 1 survivors (2048K)
 Metaspace       used 51727K, committed 52224K, reserved 1114112K
  class space    used 7054K, committed 7296K, reserved 1048576K
GC Heap History (20 events):
Event: 0.617 GC heap before
{Heap before GC invocations=0 (full 0):
 garbage-first heap   total 524288K, used 30720K [0x0000000740000000, 0x0000000800000000)
  region size 2048K, 12 young (24576K), 0 survivors (0K)
 Metaspace       used 3038K, committed 3200K, reserved 1114112K
  class space    used 379K, committed 448K, reserved 1048576K
}
Event: 0.621 GC heap after
{Heap after GC invocations=1 (full 0):
 garbage-first heap   total 524288K, used 10196K [0x0000000740000000, 0x0000000800000000)
  region size 2048K, 2 young (4096K), 2 survivors (4096K)
 Metaspace       used 3038K, committed 3200K, reserved 1114112K
  class space    used 379K, committed 448K, reserved 1048576K
}
Event: 0.975 GC heap before
{Heap before GC invocations=1 (full 0):
 garbage-first heap   total 524288K, used 36820K [0x0000000740000000, 0x0000000800000000)
  region size 2048K, 15 young (30720K), 2 survivors (4096K)
 Metaspace       used 3939K, committed 4096K, reserved 1114112K
  class space    used 475K, committed 576K, reserved 1048576K
}
Event: 0.977 GC heap after
{Heap after GC invocations=2 (full 0):
 garbage-first heap   total 524288K, used 11626K [0x0000000740000000, 0x0000000800000000)
  region size 2048K, 1 young (2048K), 1 survivors (2048K)
 Metaspace       used 3939K, committed 4096K, reserved 1114112K
  class space    used 475K, committed 576K, reserved 1048576K
}
Event: 2.751 GC heap before
{Heap before GC invocations=2 (full 0):
 garbage-first heap   total 524288K, used 124266K [0x0000000740000000, 0x0000000800000000)
  region size 2048K, 57 young (116736K), 1 survivors (2048K)
 Metaspace       used 21236K, committed 21504K, reserved 1114112K
  class space    used 3168K, committed 3328K, reserved 1048576K
}
Event: 2.757 GC heap after
{Heap after GC invocations=3 (full 0):
 garbage-first heap   total 524288K, used 21294K [0x0000000740000000, 0x0000000800000000)
  region size 2048K, 6 young (12288K), 6 survivors (12288K)
 Metaspace       used 21236K, committed 21504K, reserved 1114112K
  class space    used 3168K, committed 3328K, reserved 1048576K
}
Event: 3.407 GC heap before
{Heap before GC invocations=4 (full 0):
 garbage-first heap   total 81920K, used 62254K [0x0000000740000000, 0x0000000800000000)
  region size 2048K, 28 young (57344K), 6 survivors (12288K)
 Metaspace       used 29438K, committed 29824K, reserved 1114112K
  class space    used 4166K, committed 4352K, reserved 1048576K
}
Event: 3.416 GC heap after
{Heap after GC invocations=5 (full 0):
 garbage-first heap   total 86016K, used 26689K [0x0000000740000000, 0x0000000800000000)
  region size 2048K, 3 young (6144K), 3 survivors (6144K)
 Metaspace       used 29438K, committed 29824K, reserved 1114112K
  class space    used 4166K, committed 4352K, reserved 1048576K
}
Event: 3.812 GC heap before
{Heap before GC invocations=5 (full 0):
 garbage-first heap   total 86016K, used 59457K [0x0000000740000000, 0x0000000800000000)
  region size 2048K, 19 young (38912K), 3 survivors (6144K)
 Metaspace       used 32402K, committed 32768K, reserved 1114112K
  class space    used 4483K, committed 4672K, reserved 1048576K
}
Event: 3.815 GC heap after
{Heap after GC invocations=6 (full 0):
 garbage-first heap   total 86016K, used 29194K [0x0000000740000000, 0x0000000800000000)
  region size 2048K, 2 young (4096K), 2 survivors (4096K)
 Metaspace       used 32402K, committed 32768K, reserved 1114112K
  class space    used 4483K, committed 4672K, reserved 1048576K
}
Event: 4.185 GC heap before
{Heap before GC invocations=6 (full 0):
 garbage-first heap   total 86016K, used 55818K [0x0000000740000000, 0x0000000800000000)
  region size 2048K, 17 young (34816K), 2 survivors (4096K)
 Metaspace       used 35582K, committed 35968K, reserved 1114112K
  class space    used 4889K, committed 5056K, reserved 1048576K
}
Event: 4.189 GC heap after
{Heap after GC invocations=7 (full 0):
 garbage-first heap   total 86016K, used 31128K [0x0000000740000000, 0x0000000800000000)
  region size 2048K, 3 young (6144K), 3 survivors (6144K)
 Metaspace       used 35582K, committed 35968K, reserved 1114112K
  class space    used 4889K, committed 5056K, reserved 1048576K
}
Event: 4.570 GC heap before
{Heap before GC invocations=8 (full 0):
 garbage-first heap   total 86016K, used 61848K [0x0000000740000000, 0x0000000800000000)
  region size 2048K, 18 young (36864K), 3 survivors (6144K)
 Metaspace       used 38813K, committed 39232K, reserved 1114112K
  class space    used 5377K, committed 5568K, reserved 1048576K
}
Event: 4.574 GC heap after
{Heap after GC invocations=9 (full 0):
 garbage-first heap   total 86016K, used 33185K [0x0000000740000000, 0x0000000800000000)
  region size 2048K, 3 young (6144K), 3 survivors (6144K)
 Metaspace       used 38813K, committed 39232K, reserved 1114112K
  class space    used 5377K, committed 5568K, reserved 1048576K
}
Event: 4.624 GC heap before
{Heap before GC invocations=9 (full 0):
 garbage-first heap   total 86016K, used 35233K [0x0000000740000000, 0x0000000800000000)
  region size 2048K, 4 young (8192K), 3 survivors (6144K)
 Metaspace       used 38939K, committed 39360K, reserved 1114112K
  class space    used 5395K, committed 5568K, reserved 1048576K
}
Event: 4.627 GC heap after
{Heap after GC invocations=10 (full 0):
 garbage-first heap   total 86016K, used 33502K [0x0000000740000000, 0x0000000800000000)
  region size 2048K, 1 young (2048K), 1 survivors (2048K)
 Metaspace       used 38939K, committed 39360K, reserved 1114112K
  class space    used 5395K, committed 5568K, reserved 1048576K
}
Event: 5.250 GC heap before
{Heap before GC invocations=10 (full 0):
 garbage-first heap   total 86016K, used 66270K [0x0000000740000000, 0x0000000800000000)
  region size 2048K, 16 young (32768K), 1 survivors (2048K)
 Metaspace       used 45945K, committed 46400K, reserved 1114112K
  class space    used 6260K, committed 6464K, reserved 1048576K
}
Event: 5.253 GC heap after
{Heap after GC invocations=11 (full 0):
 garbage-first heap   total 86016K, used 39274K [0x0000000740000000, 0x0000000800000000)
  region size 2048K, 2 young (4096K), 2 survivors (4096K)
 Metaspace       used 45945K, committed 46400K, reserved 1114112K
  class space    used 6260K, committed 6464K, reserved 1048576K
}
Event: 5.826 GC heap before
{Heap before GC invocations=11 (full 0):
 garbage-first heap   total 86016K, used 63850K [0x0000000740000000, 0x0000000800000000)
  region size 2048K, 14 young (28672K), 2 survivors (4096K)
 Metaspace       used 50036K, committed 50496K, reserved 1114112K
  class space    used 6839K, committed 7040K, reserved 1048576K
}
Event: 5.829 GC heap after
{Heap after GC invocations=12 (full 0):
 garbage-first heap   total 86016K, used 41036K [0x0000000740000000, 0x0000000800000000)
  region size 2048K, 1 young (2048K), 1 survivors (2048K)
 Metaspace       used 50036K, committed 50496K, reserved 1114112K
  class space    used 6839K, committed 7040K, reserved 1048576K
}

