# JRE version: OpenJDK Runtime Environment Temurin-17.0.7+7 (17.0.7+7) (build 17.0.7+7)
# Java VM: OpenJDK 64-Bit Server VM Temurin-17.0.7+7 (17.0.7+7, mixed mode, sharing, tiered, compressed oops, compressed class ptrs, g1 gc, windows-amd64)
GC Precious Log:
 CPUs: 16 total, 16 available
 Memory: 32697M
 Large Page Support: Disabled
 NUMA Support: Disabled
 Compressed Oops: Enabled (Zero based)
 Heap Region Size: 2M
 Heap Min Capacity: 8M
 Heap Initial Capacity: 512M
 Heap Max Capacity: 3G
 Pre-touch: Disabled
 Parallel Workers: 13
 Concurrent Workers: 3
 Concurrent Refinement Workers: 13
 Periodic GC: Disabled
Heap:
 garbage-first heap   total 364544K, used 305744K [0x0000000740000000, 0x0000000800000000)
  region size 2048K, 37 young (75776K), 7 survivors (14336K)
 Metaspace       used 72929K, committed 73600K, reserved 1114112K
  class space    used 9887K, committed 10240K, reserved 1048576K
GC Heap History (20 events):
Event: 8.281 GC heap before
{Heap before GC invocations=15 (full 0):
 garbage-first heap   total 307200K, used 218207K [0x0000000740000000, 0x0000000800000000)
  region size 2048K, 41 young (83968K), 1 survivors (2048K)
 Metaspace       used 58035K, committed 58624K, reserved 1114112K
  class space    used 7927K, committed 8192K, reserved 1048576K
}
Event: 8.285 GC heap after
{Heap after GC invocations=16 (full 0):
 garbage-first heap   total 307200K, used 51225K [0x0000000740000000, 0x0000000800000000)
  region size 2048K, 3 young (6144K), 3 survivors (6144K)
 Metaspace       used 58035K, committed 58624K, reserved 1114112K
  class space    used 7927K, committed 8192K, reserved 1048576K
}
Event: 8.738 GC heap before
{Heap before GC invocations=16 (full 0):
 garbage-first heap   total 307200K, used 280601K [0x0000000740000000, 0x0000000800000000)
  region size 2048K, 85 young (174080K), 3 survivors (6144K)
 Metaspace       used 58341K, committed 58880K, reserved 1114112K
  class space    used 7950K, committed 8192K, reserved 1048576K
}
Event: 8.741 GC heap after
{Heap after GC invocations=17 (full 0):
 garbage-first heap   total 307200K, used 51371K [0x0000000740000000, 0x0000000800000000)
  region size 2048K, 3 young (6144K), 3 survivors (6144K)
 Metaspace       used 58341K, committed 58880K, reserved 1114112K
  class space    used 7950K, committed 8192K, reserved 1048576K
}
Event: 9.000 GC heap before
{Heap before GC invocations=17 (full 0):
 garbage-first heap   total 307200K, used 282795K [0x0000000740000000, 0x0000000800000000)
  region size 2048K, 83 young (169984K), 3 survivors (6144K)
 Metaspace       used 58547K, committed 59072K, reserved 1114112K
  class space    used 7954K, committed 8192K, reserved 1048576K
}
Event: 9.004 GC heap after
{Heap after GC invocations=18 (full 0):
 garbage-first heap   total 307200K, used 59144K [0x0000000740000000, 0x0000000800000000)
  region size 2048K, 4 young (8192K), 4 survivors (8192K)
 Metaspace       used 58547K, committed 59072K, reserved 1114112K
  class space    used 7954K, committed 8192K, reserved 1048576K
}
Event: 9.310 GC heap before
{Heap before GC invocations=18 (full 0):
 garbage-first heap   total 307200K, used 263944K [0x0000000740000000, 0x0000000800000000)
  region size 2048K, 90 young (184320K), 4 survivors (8192K)
 Metaspace       used 58947K, committed 59520K, reserved 1114112K
  class space    used 7966K, committed 8192K, reserved 1048576K
}
Event: 9.313 GC heap after
{Heap after GC invocations=19 (full 0):
 garbage-first heap   total 307200K, used 51985K [0x0000000740000000, 0x0000000800000000)
  region size 2048K, 3 young (6144K), 3 survivors (6144K)
 Metaspace       used 58947K, committed 59520K, reserved 1114112K
  class space    used 7966K, committed 8192K, reserved 1048576K
}
Event: 11.005 GC heap before
{Heap before GC invocations=19 (full 0):
 garbage-first heap   total 307200K, used 244497K [0x0000000740000000, 0x0000000800000000)
  region size 2048K, 90 young (184320K), 3 survivors (6144K)
 Metaspace       used 69073K, committed 69632K, reserved 1114112K
  class space    used 9392K, committed 9664K, reserved 1048576K
}
Event: 11.023 GC heap after
{Heap after GC invocations=20 (full 0):
 garbage-first heap   total 307200K, used 89361K [0x0000000740000000, 0x0000000800000000)
  region size 2048K, 12 young (24576K), 12 survivors (24576K)
 Metaspace       used 69073K, committed 69632K, reserved 1114112K
  class space    used 9392K, committed 9664K, reserved 1048576K
}
Event: 28.622 GC heap before
{Heap before GC invocations=20 (full 0):
 garbage-first heap   total 307200K, used 240913K [0x0000000740000000, 0x0000000800000000)
  region size 2048K, 84 young (172032K), 12 survivors (24576K)
 Metaspace       used 72403K, committed 73088K, reserved 1114112K
  class space    used 9855K, committed 10176K, reserved 1048576K
}
Event: 28.636 GC heap after
{Heap after GC invocations=21 (full 0):
 garbage-first heap   total 307200K, used 94067K [0x0000000740000000, 0x0000000800000000)
  region size 2048K, 6 young (12288K), 6 survivors (12288K)
 Metaspace       used 72403K, committed 73088K, reserved 1114112K
  class space    used 9855K, committed 10176K, reserved 1048576K
}
Event: 48.027 GC heap before
{Heap before GC invocations=21 (full 0):
 garbage-first heap   total 307200K, used 200563K [0x0000000740000000, 0x0000000800000000)
  region size 2048K, 36 young (73728K), 6 survivors (12288K)
 Metaspace       used 72898K, committed 73600K, reserved 1114112K
  class space    used 9885K, committed 10240K, reserved 1048576K
}
Event: 48.033 GC heap after
{Heap after GC invocations=22 (full 0):
 garbage-first heap   total 307200K, used 90155K [0x0000000740000000, 0x0000000800000000)
  region size 2048K, 6 young (12288K), 6 survivors (12288K)
 Metaspace       used 72898K, committed 73600K, reserved 1114112K
  class space    used 9885K, committed 10240K, reserved 1048576K
}
Event: 48.134 GC heap before
{Heap before GC invocations=22 (full 0):
 garbage-first heap   total 307200K, used 149547K [0x0000000740000000, 0x0000000800000000)
  region size 2048K, 8 young (16384K), 6 survivors (12288K)
 Metaspace       used 72919K, committed 73600K, reserved 1114112K
  class space    used 9886K, committed 10240K, reserved 1048576K
}
Event: 48.139 GC heap after
{Heap after GC invocations=23 (full 0):
 garbage-first heap   total 307200K, used 90418K [0x0000000740000000, 0x0000000800000000)
  region size 2048K, 6 young (12288K), 6 survivors (12288K)
 Metaspace       used 72919K, committed 73600K, reserved 1114112K
  class space    used 9886K, committed 10240K, reserved 1048576K
}
Event: 48.314 GC heap before
{Heap before GC invocations=23 (full 0):
 garbage-first heap   total 307200K, used 270642K [0x0000000740000000, 0x0000000800000000)
  region size 2048K, 76 young (155648K), 6 survivors (12288K)
 Metaspace       used 72921K, committed 73600K, reserved 1114112K
  class space    used 9887K, committed 10240K, reserved 1048576K
}
Event: 48.357 GC heap after
{Heap after GC invocations=24 (full 0):
 garbage-first heap   total 364544K, used 173886K [0x0000000740000000, 0x0000000800000000)
  region size 2048K, 10 young (20480K), 10 survivors (20480K)
 Metaspace       used 72921K, committed 73600K, reserved 1114112K
  class space    used 9887K, committed 10240K, reserved 1048576K
}
Event: 48.411 GC heap before
{Heap before GC invocations=24 (full 0):
 garbage-first heap   total 364544K, used 204606K [0x0000000740000000, 0x0000000800000000)
  region size 2048K, 22 young (45056K), 10 survivors (20480K)
 Metaspace       used 72928K, committed 73600K, reserved 1114112K
  class space    used 9887K, committed 10240K, reserved 1048576K
}
Event: 48.432 GC heap after
{Heap after GC invocations=25 (full 0):
 garbage-first heap   total 364544K, used 189008K [0x0000000740000000, 0x0000000800000000)
  region size 2048K, 7 young (14336K), 7 survivors (14336K)
 Metaspace       used 72928K, committed 73600K, reserved 1114112K
  class space    used 9887K, committed 10240K, reserved 1048576K
}

