# JRE version: OpenJDK Runtime Environment Temurin-17.0.7+7 (17.0.7+7) (build 17.0.7+7)
# Java VM: OpenJDK 64-Bit Server VM Temurin-17.0.7+7 (17.0.7+7, mixed mode, sharing, tiered, compressed oops, compressed class ptrs, g1 gc, windows-amd64)
GC Precious Log:
 CPUs: 16 total, 16 available
 Memory: 32697M
 Large Page Support: Disabled
 NUMA Support: Disabled
 Compressed Oops: Enabled (Zero based)
 Heap Region Size: 2M
 Heap Min Capacity: 8M
 Heap Initial Capacity: 512M
 Heap Max Capacity: 3G
 Pre-touch: Disabled
 Parallel Workers: 13
 Concurrent Workers: 3
 Concurrent Refinement Workers: 13
 Periodic GC: Disabled
Heap:
 garbage-first heap   total 88064K, used 57045K [0x0000000740000000, 0x0000000800000000)
  region size 2048K, 13 young (26624K), 3 survivors (6144K)
 Metaspace       used 49707K, committed 50176K, reserved 1114112K
  class space    used 6788K, committed 6976K, reserved 1048576K
GC Heap History (18 events):
Event: 0.674 GC heap before
{Heap before GC invocations=0 (full 0):
 garbage-first heap   total 524288K, used 30720K [0x0000000740000000, 0x0000000800000000)
  region size 2048K, 12 young (24576K), 0 survivors (0K)
 Metaspace       used 3029K, committed 3200K, reserved 1114112K
  class space    used 379K, committed 448K, reserved 1048576K
}
Event: 0.679 GC heap after
{Heap after GC invocations=1 (full 0):
 garbage-first heap   total 524288K, used 10343K [0x0000000740000000, 0x0000000800000000)
  region size 2048K, 2 young (4096K), 2 survivors (4096K)
 Metaspace       used 3029K, committed 3200K, reserved 1114112K
  class space    used 379K, committed 448K, reserved 1048576K
}
Event: 1.062 GC heap before
{Heap before GC invocations=1 (full 0):
 garbage-first heap   total 524288K, used 36967K [0x0000000740000000, 0x0000000800000000)
  region size 2048K, 15 young (30720K), 2 survivors (4096K)
 Metaspace       used 3938K, committed 4096K, reserved 1114112K
  class space    used 475K, committed 576K, reserved 1048576K
}
Event: 1.064 GC heap after
{Heap after GC invocations=2 (full 0):
 garbage-first heap   total 524288K, used 11640K [0x0000000740000000, 0x0000000800000000)
  region size 2048K, 1 young (2048K), 1 survivors (2048K)
 Metaspace       used 3938K, committed 4096K, reserved 1114112K
  class space    used 475K, committed 576K, reserved 1048576K
}
Event: 2.849 GC heap before
{Heap before GC invocations=2 (full 0):
 garbage-first heap   total 524288K, used 126328K [0x0000000740000000, 0x0000000800000000)
  region size 2048K, 58 young (118784K), 1 survivors (2048K)
 Metaspace       used 21220K, committed 21504K, reserved 1114112K
  class space    used 3166K, committed 3328K, reserved 1048576K
}
Event: 2.855 GC heap after
{Heap after GC invocations=3 (full 0):
 garbage-first heap   total 524288K, used 21363K [0x0000000740000000, 0x0000000800000000)
  region size 2048K, 6 young (12288K), 6 survivors (12288K)
 Metaspace       used 21220K, committed 21504K, reserved 1114112K
  class space    used 3166K, committed 3328K, reserved 1048576K
}
Event: 3.511 GC heap before
{Heap before GC invocations=4 (full 0):
 garbage-first heap   total 81920K, used 64371K [0x0000000740000000, 0x0000000800000000)
  region size 2048K, 29 young (59392K), 6 survivors (12288K)
 Metaspace       used 29436K, committed 29824K, reserved 1114112K
  class space    used 4167K, committed 4352K, reserved 1048576K
}
Event: 3.519 GC heap after
{Heap after GC invocations=5 (full 0):
 garbage-first heap   total 88064K, used 26558K [0x0000000740000000, 0x0000000800000000)
  region size 2048K, 3 young (6144K), 3 survivors (6144K)
 Metaspace       used 29436K, committed 29824K, reserved 1114112K
  class space    used 4167K, committed 4352K, reserved 1048576K
}
Event: 3.959 GC heap before
{Heap before GC invocations=5 (full 0):
 garbage-first heap   total 88064K, used 61374K [0x0000000740000000, 0x0000000800000000)
  region size 2048K, 20 young (40960K), 3 survivors (6144K)
 Metaspace       used 32742K, committed 33088K, reserved 1114112K
  class space    used 4547K, committed 4736K, reserved 1048576K
}
Event: 3.962 GC heap after
{Heap after GC invocations=6 (full 0):
 garbage-first heap   total 88064K, used 29202K [0x0000000740000000, 0x0000000800000000)
  region size 2048K, 2 young (4096K), 2 survivors (4096K)
 Metaspace       used 32742K, committed 33088K, reserved 1114112K
  class space    used 4547K, committed 4736K, reserved 1048576K
}
Event: 4.274 GC heap before
{Heap before GC invocations=6 (full 0):
 garbage-first heap   total 88064K, used 53778K [0x0000000740000000, 0x0000000800000000)
  region size 2048K, 16 young (32768K), 2 survivors (4096K)
 Metaspace       used 35581K, committed 35968K, reserved 1114112K
  class space    used 4889K, committed 5056K, reserved 1048576K
}
Event: 4.279 GC heap after
{Heap after GC invocations=7 (full 0):
 garbage-first heap   total 88064K, used 31506K [0x0000000740000000, 0x0000000800000000)
  region size 2048K, 2 young (4096K), 2 survivors (4096K)
 Metaspace       used 35581K, committed 35968K, reserved 1114112K
  class space    used 4889K, committed 5056K, reserved 1048576K
}
Event: 4.674 GC heap before
{Heap before GC invocations=8 (full 0):
 garbage-first heap   total 88064K, used 62226K [0x0000000740000000, 0x0000000800000000)
  region size 2048K, 17 young (34816K), 2 survivors (4096K)
 Metaspace       used 38808K, committed 39232K, reserved 1114112K
  class space    used 5373K, committed 5568K, reserved 1048576K
}
Event: 4.676 GC heap after
{Heap after GC invocations=9 (full 0):
 garbage-first heap   total 88064K, used 33073K [0x0000000740000000, 0x0000000800000000)
  region size 2048K, 2 young (4096K), 2 survivors (4096K)
 Metaspace       used 38808K, committed 39232K, reserved 1114112K
  class space    used 5373K, committed 5568K, reserved 1048576K
}
Event: 4.733 GC heap before
{Heap before GC invocations=9 (full 0):
 garbage-first heap   total 88064K, used 35121K [0x0000000740000000, 0x0000000800000000)
  region size 2048K, 3 young (6144K), 2 survivors (4096K)
 Metaspace       used 38934K, committed 39360K, reserved 1114112K
  class space    used 5390K, committed 5568K, reserved 1048576K
}
Event: 4.736 GC heap after
{Heap after GC invocations=10 (full 0):
 garbage-first heap   total 88064K, used 33088K [0x0000000740000000, 0x0000000800000000)
  region size 2048K, 1 young (2048K), 1 survivors (2048K)
 Metaspace       used 38934K, committed 39360K, reserved 1114112K
  class space    used 5390K, committed 5568K, reserved 1048576K
}
Event: 5.429 GC heap before
{Heap before GC invocations=10 (full 0):
 garbage-first heap   total 88064K, used 67904K [0x0000000740000000, 0x0000000800000000)
  region size 2048K, 17 young (34816K), 1 survivors (2048K)
 Metaspace       used 46048K, committed 46464K, reserved 1114112K
  class space    used 6260K, committed 6464K, reserved 1048576K
}
Event: 5.432 GC heap after
{Heap after GC invocations=11 (full 0):
 garbage-first heap   total 88064K, used 38613K [0x0000000740000000, 0x0000000800000000)
  region size 2048K, 3 young (6144K), 3 survivors (6144K)
 Metaspace       used 46048K, committed 46464K, reserved 1114112K
  class space    used 6260K, committed 6464K, reserved 1048576K
}

