# JRE version: OpenJDK Runtime Environment Temurin-17.0.7+7 (17.0.7+7) (build 17.0.7+7)
# Java VM: OpenJDK 64-Bit Server VM Temurin-17.0.7+7 (17.0.7+7, mixed mode, sharing, tiered, compressed oops, compressed class ptrs, g1 gc, windows-amd64)
GC Precious Log:
 CPUs: 16 total, 16 available
 Memory: 32697M
 Large Page Support: Disabled
 NUMA Support: Disabled
 Compressed Oops: Enabled (Zero based)
 Heap Region Size: 2M
 Heap Min Capacity: 8M
 Heap Initial Capacity: 512M
 Heap Max Capacity: 3G
 Pre-touch: Disabled
 Parallel Workers: 13
 Concurrent Workers: 3
 Concurrent Refinement Workers: 13
 Periodic GC: Disabled
Heap:
 garbage-first heap   total 317440K, used 103157K [0x0000000740000000, 0x0000000800000000)
  region size 2048K, 13 young (26624K), 4 survivors (8192K)
 Metaspace       used 72998K, committed 73728K, reserved 1114112K
  class space    used 9891K, committed 10240K, reserved 1048576K
GC Heap History (20 events):
Event: 6.971 GC heap before
{Heap before GC invocations=13 (full 0):
 garbage-first heap   total 88064K, used 67677K [0x0000000740000000, 0x0000000800000000)
  region size 2048K, 14 young (28672K), 2 survivors (4096K)
 Metaspace       used 52961K, committed 53504K, reserved 1114112K
  class space    used 7243K, committed 7488K, reserved 1048576K
}
Event: 6.977 GC heap after
{Heap after GC invocations=14 (full 0):
 garbage-first heap   total 88064K, used 46327K [0x0000000740000000, 0x0000000800000000)
  region size 2048K, 2 young (4096K), 2 survivors (4096K)
 Metaspace       used 52961K, committed 53504K, reserved 1114112K
  class space    used 7243K, committed 7488K, reserved 1048576K
}
Event: 7.275 GC heap before
{Heap before GC invocations=15 (full 0):
 garbage-first heap   total 88064K, used 64759K [0x0000000740000000, 0x0000000800000000)
  region size 2048K, 12 young (24576K), 2 survivors (4096K)
 Metaspace       used 54262K, committed 54848K, reserved 1114112K
  class space    used 7456K, committed 7744K, reserved 1048576K
}
Event: 7.279 GC heap after
{Heap after GC invocations=16 (full 0):
 garbage-first heap   total 88064K, used 47696K [0x0000000740000000, 0x0000000800000000)
  region size 2048K, 1 young (2048K), 1 survivors (2048K)
 Metaspace       used 54262K, committed 54848K, reserved 1114112K
  class space    used 7456K, committed 7744K, reserved 1048576K
}
Event: 7.343 GC heap before
{Heap before GC invocations=17 (full 0):
 garbage-first heap   total 92160K, used 51792K [0x0000000740000000, 0x0000000800000000)
  region size 2048K, 2 young (4096K), 1 survivors (2048K)
 Metaspace       used 54511K, committed 55104K, reserved 1114112K
  class space    used 7484K, committed 7744K, reserved 1048576K
}
Event: 7.345 GC heap after
{Heap after GC invocations=18 (full 0):
 garbage-first heap   total 92160K, used 47734K [0x0000000740000000, 0x0000000800000000)
  region size 2048K, 1 young (2048K), 1 survivors (2048K)
 Metaspace       used 54511K, committed 55104K, reserved 1114112K
  class space    used 7484K, committed 7744K, reserved 1048576K
}
Event: 8.189 GC heap before
{Heap before GC invocations=19 (full 0):
 garbage-first heap   total 102400K, used 76406K [0x0000000740000000, 0x0000000800000000)
  region size 2048K, 12 young (24576K), 1 survivors (2048K)
 Metaspace       used 56252K, committed 56768K, reserved 1114112K
  class space    used 7761K, committed 8000K, reserved 1048576K
}
Event: 8.194 GC heap after
{Heap after GC invocations=20 (full 0):
 garbage-first heap   total 313344K, used 49345K [0x0000000740000000, 0x0000000800000000)
  region size 2048K, 2 young (4096K), 2 survivors (4096K)
 Metaspace       used 56252K, committed 56768K, reserved 1114112K
  class space    used 7761K, committed 8000K, reserved 1048576K
}
Event: 8.758 GC heap before
{Heap before GC invocations=20 (full 0):
 garbage-first heap   total 313344K, used 182465K [0x0000000740000000, 0x0000000800000000)
  region size 2048K, 22 young (45056K), 2 survivors (4096K)
 Metaspace       used 58137K, committed 58752K, reserved 1114112K
  class space    used 7936K, committed 8256K, reserved 1048576K
}
Event: 8.762 GC heap after
{Heap after GC invocations=21 (full 0):
 garbage-first heap   total 313344K, used 58199K [0x0000000740000000, 0x0000000800000000)
  region size 2048K, 3 young (6144K), 3 survivors (6144K)
 Metaspace       used 58137K, committed 58752K, reserved 1114112K
  class space    used 7936K, committed 8256K, reserved 1048576K
}
Event: 9.207 GC heap before
{Heap before GC invocations=21 (full 0):
 garbage-first heap   total 313344K, used 285527K [0x0000000740000000, 0x0000000800000000)
  region size 2048K, 85 young (174080K), 3 survivors (6144K)
 Metaspace       used 58414K, committed 59008K, reserved 1114112K
  class space    used 7963K, committed 8256K, reserved 1048576K
}
Event: 9.209 GC heap after
{Heap after GC invocations=22 (full 0):
 garbage-first heap   total 313344K, used 54138K [0x0000000740000000, 0x0000000800000000)
  region size 2048K, 3 young (6144K), 3 survivors (6144K)
 Metaspace       used 58414K, committed 59008K, reserved 1114112K
  class space    used 7963K, committed 8256K, reserved 1048576K
}
Event: 9.454 GC heap before
{Heap before GC invocations=22 (full 0):
 garbage-first heap   total 313344K, used 293754K [0x0000000740000000, 0x0000000800000000)
  region size 2048K, 88 young (180224K), 3 survivors (6144K)
 Metaspace       used 58566K, committed 59136K, reserved 1114112K
  class space    used 7964K, committed 8256K, reserved 1048576K
}
Event: 9.460 GC heap after
{Heap after GC invocations=23 (full 0):
 garbage-first heap   total 317440K, used 69588K [0x0000000740000000, 0x0000000800000000)
  region size 2048K, 9 young (18432K), 9 survivors (18432K)
 Metaspace       used 58566K, committed 59136K, reserved 1114112K
  class space    used 7964K, committed 8256K, reserved 1048576K
}
Event: 9.729 GC heap before
{Heap before GC invocations=23 (full 0):
 garbage-first heap   total 317440K, used 255956K [0x0000000740000000, 0x0000000800000000)
  region size 2048K, 93 young (190464K), 9 survivors (18432K)
 Metaspace       used 58994K, committed 59584K, reserved 1114112K
  class space    used 7974K, committed 8256K, reserved 1048576K
}
Event: 9.732 GC heap after
{Heap after GC invocations=24 (full 0):
 garbage-first heap   total 317440K, used 53202K [0x0000000740000000, 0x0000000800000000)
  region size 2048K, 2 young (4096K), 2 survivors (4096K)
 Metaspace       used 58994K, committed 59584K, reserved 1114112K
  class space    used 7974K, committed 8256K, reserved 1048576K
}
Event: 11.455 GC heap before
{Heap before GC invocations=24 (full 0):
 garbage-first heap   total 317440K, used 255954K [0x0000000740000000, 0x0000000800000000)
  region size 2048K, 93 young (190464K), 2 survivors (4096K)
 Metaspace       used 69134K, committed 69696K, reserved 1114112K
  class space    used 9409K, committed 9664K, reserved 1048576K
}
Event: 11.473 GC heap after
{Heap after GC invocations=25 (full 0):
 garbage-first heap   total 317440K, used 94307K [0x0000000740000000, 0x0000000800000000)
  region size 2048K, 12 young (24576K), 12 survivors (24576K)
 Metaspace       used 69134K, committed 69696K, reserved 1114112K
  class space    used 9409K, committed 9664K, reserved 1048576K
}
Event: 38.909 GC heap before
{Heap before GC invocations=25 (full 0):
 garbage-first heap   total 317440K, used 235619K [0x0000000740000000, 0x0000000800000000)
  region size 2048K, 81 young (165888K), 12 survivors (24576K)
 Metaspace       used 72766K, committed 73408K, reserved 1114112K
  class space    used 9874K, committed 10176K, reserved 1048576K
}
Event: 38.920 GC heap after
{Heap after GC invocations=26 (full 0):
 garbage-first heap   total 317440K, used 86773K [0x0000000740000000, 0x0000000800000000)
  region size 2048K, 4 young (8192K), 4 survivors (8192K)
 Metaspace       used 72766K, committed 73408K, reserved 1114112K
  class space    used 9874K, committed 10176K, reserved 1048576K
}

