# JRE version: OpenJDK Runtime Environment Temurin-17.0.7+7 (17.0.7+7) (build 17.0.7+7)
# Java VM: OpenJDK 64-Bit Server VM Temurin-17.0.7+7 (17.0.7+7, mixed mode, sharing, tiered, compressed oops, compressed class ptrs, g1 gc, windows-amd64)
GC Precious Log:
 CPUs: 16 total, 16 available
 Memory: 32697M
 Large Page Support: Disabled
 NUMA Support: Disabled
 Compressed Oops: Enabled (Zero based)
 Heap Region Size: 2M
 Heap Min Capacity: 8M
 Heap Initial Capacity: 512M
 Heap Max Capacity: 3G
 Pre-touch: Disabled
 Parallel Workers: 13
 Concurrent Workers: 3
 Concurrent Refinement Workers: 13
 Periodic GC: Disabled
Heap:
 garbage-first heap   total 192512K, used 87355K [0x0000000740000000, 0x0000000800000000)
  region size 2048K, 14 young (28672K), 1 survivors (2048K)
 Metaspace       used 56037K, committed 56576K, reserved 1114112K
  class space    used 7728K, committed 7936K, reserved 1048576K
GC Heap History (20 events):
Event: 2.784 GC heap before
{Heap before GC invocations=2 (full 0):
 garbage-first heap   total 524288K, used 127185K [0x0000000740000000, 0x0000000800000000)
  region size 2048K, 58 young (118784K), 1 survivors (2048K)
 Metaspace       used 21231K, committed 21504K, reserved 1114112K
  class space    used 3163K, committed 3264K, reserved 1048576K
}
Event: 2.790 GC heap after
{Heap after GC invocations=3 (full 0):
 garbage-first heap   total 524288K, used 21930K [0x0000000740000000, 0x0000000800000000)
  region size 2048K, 6 young (12288K), 6 survivors (12288K)
 Metaspace       used 21231K, committed 21504K, reserved 1114112K
  class space    used 3163K, committed 3264K, reserved 1048576K
}
Event: 3.425 GC heap before
{Heap before GC invocations=4 (full 0):
 garbage-first heap   total 90112K, used 60842K [0x0000000740000000, 0x0000000800000000)
  region size 2048K, 26 young (53248K), 6 survivors (12288K)
 Metaspace       used 29443K, committed 29824K, reserved 1114112K
  class space    used 4166K, committed 4352K, reserved 1048576K
}
Event: 3.433 GC heap after
{Heap after GC invocations=5 (full 0):
 garbage-first heap   total 90112K, used 26608K [0x0000000740000000, 0x0000000800000000)
  region size 2048K, 3 young (6144K), 3 survivors (6144K)
 Metaspace       used 29443K, committed 29824K, reserved 1114112K
  class space    used 4166K, committed 4352K, reserved 1048576K
}
Event: 3.808 GC heap before
{Heap before GC invocations=5 (full 0):
 garbage-first heap   total 90112K, used 61424K [0x0000000740000000, 0x0000000800000000)
  region size 2048K, 20 young (40960K), 3 survivors (6144K)
 Metaspace       used 32199K, committed 32576K, reserved 1114112K
  class space    used 4441K, committed 4608K, reserved 1048576K
}
Event: 3.812 GC heap after
{Heap after GC invocations=6 (full 0):
 garbage-first heap   total 90112K, used 29290K [0x0000000740000000, 0x0000000800000000)
  region size 2048K, 2 young (4096K), 2 survivors (4096K)
 Metaspace       used 32199K, committed 32576K, reserved 1114112K
  class space    used 4441K, committed 4608K, reserved 1048576K
}
Event: 4.190 GC heap before
{Heap before GC invocations=6 (full 0):
 garbage-first heap   total 90112K, used 57962K [0x0000000740000000, 0x0000000800000000)
  region size 2048K, 18 young (36864K), 2 survivors (4096K)
 Metaspace       used 35592K, committed 35968K, reserved 1114112K
  class space    used 4889K, committed 5056K, reserved 1048576K
}
Event: 4.194 GC heap after
{Heap after GC invocations=7 (full 0):
 garbage-first heap   total 90112K, used 31860K [0x0000000740000000, 0x0000000800000000)
  region size 2048K, 2 young (4096K), 2 survivors (4096K)
 Metaspace       used 35592K, committed 35968K, reserved 1114112K
  class space    used 4889K, committed 5056K, reserved 1048576K
}
Event: 4.578 GC heap before
{Heap before GC invocations=8 (full 0):
 garbage-first heap   total 90112K, used 62580K [0x0000000740000000, 0x0000000800000000)
  region size 2048K, 17 young (34816K), 2 survivors (4096K)
 Metaspace       used 38830K, committed 39232K, reserved 1114112K
  class space    used 5375K, committed 5568K, reserved 1048576K
}
Event: 4.582 GC heap after
{Heap after GC invocations=9 (full 0):
 garbage-first heap   total 90112K, used 33376K [0x0000000740000000, 0x0000000800000000)
  region size 2048K, 2 young (4096K), 2 survivors (4096K)
 Metaspace       used 38830K, committed 39232K, reserved 1114112K
  class space    used 5375K, committed 5568K, reserved 1048576K
}
Event: 5.284 GC heap before
{Heap before GC invocations=9 (full 0):
 garbage-first heap   total 90112K, used 68192K [0x0000000740000000, 0x0000000800000000)
  region size 2048K, 18 young (36864K), 2 survivors (4096K)
 Metaspace       used 45946K, committed 46464K, reserved 1114112K
  class space    used 6252K, committed 6464K, reserved 1048576K
}
Event: 5.289 GC heap after
{Heap after GC invocations=10 (full 0):
 garbage-first heap   total 90112K, used 39676K [0x0000000740000000, 0x0000000800000000)
  region size 2048K, 3 young (6144K), 3 survivors (6144K)
 Metaspace       used 45946K, committed 46464K, reserved 1114112K
  class space    used 6252K, committed 6464K, reserved 1048576K
}
Event: 6.074 GC heap before
{Heap before GC invocations=10 (full 0):
 garbage-first heap   total 90112K, used 66300K [0x0000000740000000, 0x0000000800000000)
  region size 2048K, 16 young (32768K), 3 survivors (6144K)
 Metaspace       used 51276K, committed 51776K, reserved 1114112K
  class space    used 6980K, committed 7232K, reserved 1048576K
}
Event: 6.078 GC heap after
{Heap after GC invocations=11 (full 0):
 garbage-first heap   total 90112K, used 41522K [0x0000000740000000, 0x0000000800000000)
  region size 2048K, 2 young (4096K), 2 survivors (4096K)
 Metaspace       used 51276K, committed 51776K, reserved 1114112K
  class space    used 6980K, committed 7232K, reserved 1048576K
}
Event: 6.357 GC heap before
{Heap before GC invocations=11 (full 0):
 garbage-first heap   total 90112K, used 66098K [0x0000000740000000, 0x0000000800000000)
  region size 2048K, 14 young (28672K), 2 survivors (4096K)
 Metaspace       used 52638K, committed 53184K, reserved 1114112K
  class space    used 7183K, committed 7424K, reserved 1048576K
}
Event: 6.361 GC heap after
{Heap after GC invocations=12 (full 0):
 garbage-first heap   total 90112K, used 43867K [0x0000000740000000, 0x0000000800000000)
  region size 2048K, 2 young (4096K), 2 survivors (4096K)
 Metaspace       used 52638K, committed 53184K, reserved 1114112K
  class space    used 7183K, committed 7424K, reserved 1048576K
}
Event: 6.620 GC heap before
{Heap before GC invocations=13 (full 0):
 garbage-first heap   total 90112K, used 68443K [0x0000000740000000, 0x0000000800000000)
  region size 2048K, 14 young (28672K), 2 survivors (4096K)
 Metaspace       used 52897K, committed 53440K, reserved 1114112K
  class space    used 7228K, committed 7488K, reserved 1048576K
}
Event: 6.625 GC heap after
{Heap after GC invocations=14 (full 0):
 garbage-first heap   total 90112K, used 46822K [0x0000000740000000, 0x0000000800000000)
  region size 2048K, 2 young (4096K), 2 survivors (4096K)
 Metaspace       used 52897K, committed 53440K, reserved 1114112K
  class space    used 7228K, committed 7488K, reserved 1048576K
}
Event: 6.858 GC heap before
{Heap before GC invocations=14 (full 0):
 garbage-first heap   total 90112K, used 67302K [0x0000000740000000, 0x0000000800000000)
  region size 2048K, 12 young (24576K), 2 survivors (4096K)
 Metaspace       used 54025K, committed 54592K, reserved 1114112K
  class space    used 7411K, committed 7680K, reserved 1048576K
}
Event: 6.863 GC heap after
{Heap after GC invocations=15 (full 0):
 garbage-first heap   total 307200K, used 48443K [0x0000000740000000, 0x0000000800000000)
  region size 2048K, 1 young (2048K), 1 survivors (2048K)
 Metaspace       used 54025K, committed 54592K, reserved 1114112K
  class space    used 7411K, committed 7680K, reserved 1048576K
}

