# JRE version: OpenJDK Runtime Environment Temurin-17.0.7+7 (17.0.7+7) (build 17.0.7+7)
# Java VM: OpenJDK 64-Bit Server VM Temurin-17.0.7+7 (17.0.7+7, mixed mode, sharing, tiered, compressed oops, compressed class ptrs, g1 gc, windows-amd64)
GC Precious Log:
 CPUs: 16 total, 16 available
 Memory: 32697M
 Large Page Support: Disabled
 NUMA Support: Disabled
 Compressed Oops: Enabled (Zero based)
 Heap Region Size: 2M
 Heap Min Capacity: 8M
 Heap Initial Capacity: 512M
 Heap Max Capacity: 3G
 Pre-touch: Disabled
 Parallel Workers: 13
 Concurrent Workers: 3
 Concurrent Refinement Workers: 13
 Periodic GC: Disabled
Heap:
 garbage-first heap   total 440320K, used 287618K [0x0000000740000000, 0x0000000800000000)
  region size 2048K, 40 young (81920K), 5 survivors (10240K)
 Metaspace       used 58553K, committed 59072K, reserved 1114112K
  class space    used 7959K, committed 8192K, reserved 1048576K
GC Heap History (20 events):
Event: 7.822 GC heap after
{Heap after GC invocations=16 (full 0):
 garbage-first heap   total 165888K, used 51280K [0x0000000740000000, 0x0000000800000000)
  region size 2048K, 1 young (2048K), 1 survivors (2048K)
 Metaspace       used 57783K, committed 58368K, reserved 1114112K
  class space    used 7887K, committed 8128K, reserved 1048576K
}
Event: 7.847 GC heap before
{Heap before GC invocations=16 (full 0):
 garbage-first heap   total 165888K, used 71760K [0x0000000740000000, 0x0000000800000000)
  region size 2048K, 2 young (4096K), 1 survivors (2048K)
 Metaspace       used 57786K, committed 58368K, reserved 1114112K
  class space    used 7888K, committed 8128K, reserved 1048576K
}
Event: 7.848 GC heap after
{Heap after GC invocations=17 (full 0):
 garbage-first heap   total 165888K, used 51267K [0x0000000740000000, 0x0000000800000000)
  region size 2048K, 1 young (2048K), 1 survivors (2048K)
 Metaspace       used 57786K, committed 58368K, reserved 1114112K
  class space    used 7888K, committed 8128K, reserved 1048576K
}
Event: 7.947 GC heap before
{Heap before GC invocations=17 (full 0):
 garbage-first heap   total 165888K, used 77891K [0x0000000740000000, 0x0000000800000000)
  region size 2048K, 5 young (10240K), 1 survivors (2048K)
 Metaspace       used 58149K, committed 58624K, reserved 1114112K
  class space    used 7932K, committed 8128K, reserved 1048576K
}
Event: 7.950 GC heap after
{Heap after GC invocations=18 (full 0):
 garbage-first heap   total 165888K, used 52639K [0x0000000740000000, 0x0000000800000000)
  region size 2048K, 2 young (4096K), 2 survivors (4096K)
 Metaspace       used 58149K, committed 58624K, reserved 1114112K
  class space    used 7932K, committed 8128K, reserved 1048576K
}
Event: 8.127 GC heap before
{Heap before GC invocations=18 (full 0):
 garbage-first heap   total 165888K, used 148895K [0x0000000740000000, 0x0000000800000000)
  region size 2048K, 40 young (81920K), 2 survivors (4096K)
 Metaspace       used 58267K, committed 58816K, reserved 1114112K
  class space    used 7943K, committed 8192K, reserved 1048576K
}
Event: 8.157 GC heap after
{Heap after GC invocations=19 (full 0):
 garbage-first heap   total 208896K, used 109852K [0x0000000740000000, 0x0000000800000000)
  region size 2048K, 5 young (10240K), 5 survivors (10240K)
 Metaspace       used 58267K, committed 58816K, reserved 1114112K
  class space    used 7943K, committed 8192K, reserved 1048576K
}
Event: 8.208 GC heap before
{Heap before GC invocations=19 (full 0):
 garbage-first heap   total 208896K, used 148764K [0x0000000740000000, 0x0000000800000000)
  region size 2048K, 24 young (49152K), 5 survivors (10240K)
 Metaspace       used 58275K, committed 58816K, reserved 1114112K
  class space    used 7943K, committed 8192K, reserved 1048576K
}
Event: 8.224 GC heap after
{Heap after GC invocations=20 (full 0):
 garbage-first heap   total 440320K, used 136066K [0x0000000740000000, 0x0000000800000000)
  region size 2048K, 3 young (6144K), 3 survivors (6144K)
 Metaspace       used 58275K, committed 58816K, reserved 1114112K
  class space    used 7943K, committed 8192K, reserved 1048576K
}
Event: 8.454 GC heap before
{Heap before GC invocations=21 (full 0):
 garbage-first heap   total 440320K, used 244610K [0x0000000740000000, 0x0000000800000000)
  region size 2048K, 28 young (57344K), 3 survivors (6144K)
 Metaspace       used 58418K, committed 58944K, reserved 1114112K
  class space    used 7959K, committed 8192K, reserved 1048576K
}
Event: 8.474 GC heap after
{Heap after GC invocations=22 (full 0):
 garbage-first heap   total 440320K, used 182372K [0x0000000740000000, 0x0000000800000000)
  region size 2048K, 8 young (16384K), 8 survivors (16384K)
 Metaspace       used 58418K, committed 58944K, reserved 1114112K
  class space    used 7959K, committed 8192K, reserved 1048576K
}
Event: 8.572 GC heap before
{Heap before GC invocations=22 (full 0):
 garbage-first heap   total 440320K, used 276580K [0x0000000740000000, 0x0000000800000000)
  region size 2048K, 52 young (106496K), 8 survivors (16384K)
 Metaspace       used 58419K, committed 58944K, reserved 1114112K
  class space    used 7959K, committed 8192K, reserved 1048576K
}
Event: 8.605 GC heap after
{Heap after GC invocations=23 (full 0):
 garbage-first heap   total 440320K, used 238466K [0x0000000740000000, 0x0000000800000000)
  region size 2048K, 7 young (14336K), 7 survivors (14336K)
 Metaspace       used 58419K, committed 58944K, reserved 1114112K
  class space    used 7959K, committed 8192K, reserved 1048576K
}
Event: 8.668 GC heap before
{Heap before GC invocations=23 (full 0):
 garbage-first heap   total 440320K, used 297858K [0x0000000740000000, 0x0000000800000000)
  region size 2048K, 37 young (75776K), 7 survivors (14336K)
 Metaspace       used 58419K, committed 58944K, reserved 1114112K
  class space    used 7959K, committed 8192K, reserved 1048576K
}
Event: 8.697 GC heap after
{Heap after GC invocations=24 (full 0):
 garbage-first heap   total 440320K, used 283522K [0x0000000740000000, 0x0000000800000000)
  region size 2048K, 5 young (10240K), 5 survivors (10240K)
 Metaspace       used 58419K, committed 58944K, reserved 1114112K
  class space    used 7959K, committed 8192K, reserved 1048576K
}
Event: 8.836 GC heap before
{Heap before GC invocations=25 (full 0):
 garbage-first heap   total 440320K, used 279426K [0x0000000740000000, 0x0000000800000000)
  region size 2048K, 25 young (51200K), 5 survivors (10240K)
 Metaspace       used 58553K, committed 59072K, reserved 1114112K
  class space    used 7959K, committed 8192K, reserved 1048576K
}
Event: 8.854 GC heap after
{Heap after GC invocations=26 (full 0):
 garbage-first heap   total 440320K, used 216651K [0x0000000740000000, 0x0000000800000000)
  region size 2048K, 4 young (8192K), 4 survivors (8192K)
 Metaspace       used 58553K, committed 59072K, reserved 1114112K
  class space    used 7959K, committed 8192K, reserved 1048576K
}
Event: 8.862 GC heap before
{Heap before GC invocations=26 (full 0):
 garbage-first heap   total 440320K, used 237131K [0x0000000740000000, 0x0000000800000000)
  region size 2048K, 10 young (20480K), 4 survivors (8192K)
 Metaspace       used 58553K, committed 59072K, reserved 1114112K
  class space    used 7959K, committed 8192K, reserved 1048576K
}
Event: 8.869 GC heap after
{Heap after GC invocations=27 (full 0):
 garbage-first heap   total 440320K, used 215938K [0x0000000740000000, 0x0000000800000000)
  region size 2048K, 2 young (4096K), 2 survivors (4096K)
 Metaspace       used 58553K, committed 59072K, reserved 1114112K
  class space    used 7959K, committed 8192K, reserved 1048576K
}
Event: 8.913 GC heap before
{Heap before GC invocations=27 (full 0):
 garbage-first heap   total 440320K, used 287618K [0x0000000740000000, 0x0000000800000000)
  region size 2048K, 37 young (75776K), 2 survivors (4096K)
 Metaspace       used 58553K, committed 59072K, reserved 1114112K
  class space    used 7959K, committed 8192K, reserved 1048576K
}

